build/app/intermediates/manifest_merge_blame_file/release/manifest-merger-blame-release-report.txt
1<?xml version="1.0" encoding="utf-8"?>
2<manifest xmlns:android="http://schemas.android.com/apk/res/android"
3    package="com.instagram.abdelrahman"
4    android:versionCode="1"
5    android:versionName="1.0.0" >
6
7    <uses-sdk
8        android:minSdkVersion="19"
8-->src\main\AndroidManifest.xml
9        android:targetSdkVersion="33" />
9-->src\main\AndroidManifest.xml
10    <!--
11         io.flutter.app.FlutterApplication is an android.app.Application that
12         calls FlutterMain.startInitialization(this); in its onCreate method.
13         In most cases you can leave this as-is, but you if you want to provide
14         additional functionality it is fine to subclass or reimplement
15         FlutterApplication and put your custom class here.
16    -->
17    <uses-permission android:name="android.permission.INTERNET" />
17-->src\main\AndroidManifest.xml:8:5-67
17-->src\main\AndroidManifest.xml:8:22-64
18
19    <application
20        android:name="android.app.Application"
20-->src\main\AndroidManifest.xml:10:13-46
21        android:appComponentFactory="androidx.core.app.CoreComponentFactory"
21-->[androidx.core:core:1.6.0] AndroidManifest.xml:24:18-86
22        android:icon="@mipmap/ic_launcher"
22-->src\main\AndroidManifest.xml:12:13-47
23        android:label="Instagram" >
23-->src\main\AndroidManifest.xml:11:13-38
24        <activity
24-->src\main\AndroidManifest.xml:13:9-32:20
25            android:name="com.instagram.abdelrahman.MainActivity"
25-->src\main\AndroidManifest.xml:14:17-45
26            android:configChanges="orientation|keyboardHidden|keyboard|screenSize|smallestScreenSize|locale|layoutDirection|fontScale|screenLayout|density|uiMode"
26-->src\main\AndroidManifest.xml:18:17-167
27            android:exported="true"
27-->src\main\AndroidManifest.xml:15:17-40
28            android:hardwareAccelerated="true"
28-->src\main\AndroidManifest.xml:19:17-51
29            android:launchMode="singleTop"
29-->src\main\AndroidManifest.xml:16:17-47
30            android:theme="@style/LaunchTheme"
30-->src\main\AndroidManifest.xml:17:17-51
31            android:windowSoftInputMode="adjustResize" >
31-->src\main\AndroidManifest.xml:20:17-59
32
33            <!--
34                 Specifies an Android theme to apply to this Activity as soon as
35                 the Android process has started. This theme is visible to the user
36                 while the Flutter UI initializes. After that, this theme continues
37                 to determine the Window background behind the Flutter UI.
38            -->
39            <meta-data
39-->src\main\AndroidManifest.xml:25:13-27:61
40                android:name="io.flutter.embedding.android.NormalTheme"
40-->src\main\AndroidManifest.xml:26:21-76
41                android:resource="@style/NormalTheme" />
41-->src\main\AndroidManifest.xml:27:21-58
42
43            <intent-filter>
43-->src\main\AndroidManifest.xml:28:13-31:29
44                <action android:name="android.intent.action.MAIN" />
44-->src\main\AndroidManifest.xml:29:17-69
44-->src\main\AndroidManifest.xml:29:25-66
45
46                <category android:name="android.intent.category.LAUNCHER" />
46-->src\main\AndroidManifest.xml:30:17-77
46-->src\main\AndroidManifest.xml:30:27-74
47            </intent-filter>
48        </activity>
49        <!--
50             Don't delete the meta-models below.
51             This is used by the Flutter tool to generate GeneratedPluginRegistrant.java
52        -->
53        <meta-data
53-->src\main\AndroidManifest.xml:35:9-37:37
54            android:name="flutterEmbedding"
54-->src\main\AndroidManifest.xml:36:17-48
55            android:value="2" />
55-->src\main\AndroidManifest.xml:37:17-34
56
57        <uses-library
57-->[androidx.window:window:1.0.0-beta04] AndroidManifest.xml:25:9-27:40
58            android:name="androidx.window.extensions"
58-->[androidx.window:window:1.0.0-beta04] AndroidManifest.xml:26:13-54
59            android:required="false" />
59-->[androidx.window:window:1.0.0-beta04] AndroidManifest.xml:27:13-37
60        <uses-library
60-->[androidx.window:window:1.0.0-beta04] AndroidManifest.xml:28:9-30:40
61            android:name="androidx.window.sidecar"
61-->[androidx.window:window:1.0.0-beta04] AndroidManifest.xml:29:13-51
62            android:required="false" />
62-->[androidx.window:window:1.0.0-beta04] AndroidManifest.xml:30:13-37
63    </application>
64
65</manifest>